Indexing 1 file... Downloading file list...
Indexing 1 file...
Uploading 1 file...
Uploading 1 file (1,028 KB/sec, 1 min left)
Uploading 1 file (1,486 KB/sec, 1 min left)
Uploading 1 file (1,766 KB/sec, 56 sec left)
Uploading 1 file (1,980 KB/sec, 49 sec left)
Uploading 1 file (2,001 KB/sec, 48 sec left)
Uploading 1 file (2,088 KB/sec, 46 sec left)
Uploading 1 file (2,088 KB/sec, 45 sec left)
Uploading 1 file (2,099 KB/sec, 45 sec left)
Uploading 1 file (2,049 KB/sec, 46 sec left)
Uploading 1 file (2,049 KB/sec, 1 min left)
Uploading 1 file (1,980 KB/sec, 1 min left)
Uploading 1 file (1,996 KB/sec, 1 min left)
Uploading 1 file (2,014 KB/sec, 1 min left)
Uploading 1 file (2,050 KB/sec, 1 min left)
Uploading 1 file (2,070 KB/sec, 1 min left)
Uploading 1 file (2,092 KB/sec, 1 min left)
Uploading 1 file (2,111 KB/sec, 1 min left)
Uploading 1 file (2,100 KB/sec, 1 min left)
Uploading 1 file (2,086 KB/sec, 1 min left)
Uploading 1 file (2,053 KB/sec, 1 min left)
Uploading 1 file (2,062 KB/sec, 1 min left)
Uploading 1 file (2,082 KB/sec, 1 min left)
Uploading 1 file (2,090 KB/sec, 1 min left)
Uploading 1 file (2,108 KB/sec, 1 min left)
Uploading 1 file (2,122 KB/sec, 1 min left)
Uploading 1 file (2,147 KB/sec, 1 min left)
Uploading 1 file (2,150 KB/sec, 1 min left)
Uploading 1 file (2,100 KB/sec, 1 min left)
Uploading 1 file (2,106 KB/sec, 1 min left)
Uploading 1 file (2,118 KB/sec, 1 min left)
Uploading 1 file (2,138 KB/sec, 1 min left)
Uploading 1 file (2,150 KB/sec, 1 min left)
Uploading 1 file (2,146 KB/sec, 1 min left)
Uploading 1 file (2,096 KB/sec, 1 min left)
Uploading 1 file (2,053 KB/sec, 1 min left)
Uploading 1 file (2,044 KB/sec, 1 min left)
Uploading 1 file (1,969 KB/sec, 1 min left)
Uploading 1 file (1,954 KB/sec, 1 min left)
Uploading 1 file (1,980 KB/sec, 1 min left)
Uploading 1 file (1,999 KB/sec, 1 min left)
Uploading 1 file (2,017 KB/sec, 1 min left)
Uploading 1 file (2,020 KB/sec, 1 min left)
Uploading 1 file (2,043 KB/sec, 1 min left)
Uploading 1 file (2,052 KB/sec, 1 min left)
Uploading 1 file (2,019 KB/sec, 1 min left)
Uploading 1 file (1,925 KB/sec, 1 min left)
Uploading 1 file (1,957 KB/sec, 1 min left)
Uploading 1 file (1,982 KB/sec, 1 min left)
Uploading 1 file (2,005 KB/sec, 1 min left)
Uploading 1 file (2,026 KB/sec, 1 min left)
Uploading 1 file (2,032 KB/sec, 1 min left)
Uploading 1 file (2,041 KB/sec, 1 min left)
Uploading 1 file (2,044 KB/sec, 1 min left)
Uploading 1 file (2,017 KB/sec, 1 min left)
Uploading 1 file (2,076 KB/sec, 1 min left)
Uploading 1 file (2,084 KB/sec, 1 min left)
Uploading 1 file (2,069 KB/sec, 1 min left)
Uploading 1 file (2,061 KB/sec, 1 min left)
Uploading 1 file (2,074 KB/sec, 1 min left)
Uploading 1 file (2,079 KB/sec, 1 min left)
Uploading 1 file (2,093 KB/sec, 1 min left)
Uploading 1 file (2,104 KB/sec, 1 min left)
Uploading 1 file (2,086 KB/sec, 1 min left)
Uploading 1 file (1,986 KB/sec, 1 min left)
Uploading 1 file (2,042 KB/sec, 1 min left)
Uploading 1 file (2,058 KB/sec, 1 min left)
Uploading 1 file (2,076 KB/sec, 1 min left)
Uploading 1 file (2,043 KB/sec, 1 min left)
Uploading 1 file (1,987 KB/sec, 1 min left)
Uploading 1 file (1,997 KB/sec, 59 sec left)
Uploading 1 file (2,018 KB/sec, 58 sec left)
Uploading 1 file (1,998 KB/sec, 57 sec left)
Uploading 1 file (1,998 KB/sec, 1 min left)
Uploading 1 file (1,911 KB/sec, 1 min left)
Uploading 1 file (1,933 KB/sec, 1 min left)
Uploading 1 file (1,957 KB/sec, 59 sec left)
Uploading 1 file (1,956 KB/sec, 58 sec left)
Uploading 1 file (1,944 KB/sec, 57 sec left)
Uploading 1 file (1,957 KB/sec, 57 sec left)
Uploading 1 file (1,987 KB/sec, 56 sec left)
Uploading 1 file (1,997 KB/sec, 55 sec left)
Uploading 1 file (1,973 KB/sec, 55 sec left)
Uploading 1 file (1,973 KB/sec, 57 sec left)
Uploading 1 file (1,898 KB/sec, 56 sec left)
Uploading 1 file (1,906 KB/sec, 56 sec left)
Uploading 1 file (1,914 KB/sec, 55 sec left)
Uploading 1 file (1,933 KB/sec, 54 sec left)
Uploading 1 file (1,964 KB/sec, 53 sec left)
Uploading 1 file (1,978 KB/sec, 52 sec left)
Uploading 1 file (1,986 KB/sec, 52 sec left)
Uploading 1 file (2,004 KB/sec, 51 sec left)
Uploading 1 file (2,004 KB/sec, 54 sec left)
Uploading 1 file (2,001 KB/sec, 53 sec left)
Uploading 1 file (2,046 KB/sec, 53 sec left)
Uploading 1 file (2,051 KB/sec, 52 sec left)
Uploading 1 file (2,073 KB/sec, 51 sec left)
Uploading 1 file (2,089 KB/sec, 50 sec left)
Uploading 1 file (2,114 KB/sec, 49 sec left)
Uploading 1 file (2,118 KB/sec, 48 sec left)
Uploading 1 file (2,110 KB/sec, 48 sec left)
Uploading 1 file (2,110 KB/sec, 49 sec left)
Uploading 1 file (2,075 KB/sec, 48 sec left)
Uploading 1 file (2,056 KB/sec, 48 sec left)
Uploading 1 file (1,980 KB/sec, 48 sec left)
Uploading 1 file (1,978 KB/sec, 47 sec left)
Uploading 1 file (1,992 KB/sec, 46 sec left)
Uploading 1 file (2,004 KB/sec, 46 sec left)
Uploading 1 file (2,014 KB/sec, 45 sec left)
Uploading 1 file (2,028 KB/sec, 44 sec left)
Uploading 1 file (2,040 KB/sec, 43 sec left)
Uploading 1 file (2,007 KB/sec, 43 sec left)
Uploading 1 file (2,007 KB/sec, 48 sec left)
Uploading 1 file (1,933 KB/sec, 47 sec left)
Uploading 1 file (1,944 KB/sec, 46 sec left)
Uploading 1 file (1,959 KB/sec, 45 sec left)
Uploading 1 file (1,937 KB/sec, 45 sec left)
Uploading 1 file (1,937 KB/sec, 48 sec left)
Uploading 1 file (1,951 KB/sec, 47 sec left)
Uploading 1 file (1,920 KB/sec, 47 sec left)
Uploading 1 file (1,923 KB/sec, 46 sec left)
Uploading 1 file (1,872 KB/sec, 45 sec left)
Uploading 1 file (1,814 KB/sec, 45 sec left)
Uploading 1 file (1,789 KB/sec, 44 sec left)
Uploading 1 file (1,776 KB/sec, 43 sec left)
Uploading 1 file (1,786 KB/sec, 42 sec left)
Uploading 1 file (1,817 KB/sec, 41 sec left)
Uploading 1 file (1,794 KB/sec, 41 sec left)
Uploading 1 file (1,794 KB/sec, 46 sec left)
Uploading 1 file (1,866 KB/sec, 46 sec left)
Uploading 1 file (1,856 KB/sec, 45 sec left)
Uploading 1 file (1,826 KB/sec, 44 sec left)
Uploading 1 file (1,817 KB/sec, 43 sec left)
Uploading 1 file (1,805 KB/sec, 43 sec left)
Uploading 1 file (1,812 KB/sec, 42 sec left)
Uploading 1 file (1,764 KB/sec, 41 sec left)
Uploading 1 file (1,738 KB/sec, 41 sec left)
Uploading 1 file (1,742 KB/sec, 40 sec left)
Uploading 1 file (1,750 KB/sec, 40 sec left)
Uploading 1 file (1,730 KB/sec, 39 sec left)
Uploading 1 file (1,730 KB/sec, 42 sec left)
Uploading 1 file (1,696 KB/sec, 41 sec left)
Uploading 1 file (1,705 KB/sec, 41 sec left)
Uploading 1 file (1,733 KB/sec, 39 sec left)
Uploading 1 file (1,746 KB/sec, 39 sec left)
Uploading 1 file (1,766 KB/sec, 38 sec left)
Uploading 1 file (1,783 KB/sec, 37 sec left)
Uploading 1 file (1,809 KB/sec, 36 sec left)
Uploading 1 file (1,805 KB/sec, 35 sec left)
Uploading 1 file (1,774 KB/sec, 35 sec left)
Uploading 1 file (1,774 KB/sec, 36 sec left)
Uploading 1 file (1,772 KB/sec, 36 sec left)
Uploading 1 file (1,772 KB/sec, 35 sec left)
Uploading 1 file (1,800 KB/sec, 34 sec left)
Uploading 1 file (1,823 KB/sec, 33 sec left)
Uploading 1 file (1,853 KB/sec, 32 sec left)
Uploading 1 file (1,868 KB/sec, 32 sec left)
Uploading 1 file (1,898 KB/sec, 30 sec left)
Uploading 1 file (1,895 KB/sec, 30 sec left)
Uploading 1 file (1,895 KB/sec, 28 sec left)
Uploading 1 file (1,990 KB/sec, 28 sec left)
Uploading 1 file (1,980 KB/sec, 27 sec left)
Uploading 1 file (1,998 KB/sec, 26 sec left)
Uploading 1 file (2,049 KB/sec, 26 sec left)
Uploading 1 file (2,045 KB/sec, 25 sec left)
Uploading 1 file (2,062 KB/sec, 24 sec left)
Uploading 1 file (2,071 KB/sec, 24 sec left)
Uploading 1 file (2,075 KB/sec, 23 sec left)
Uploading 1 file (2,052 KB/sec, 22 sec left)
Uploading 1 file (2,052 KB/sec, 24 sec left)
Uploading 1 file (2,024 KB/sec, 24 sec left)
Uploading 1 file (2,046 KB/sec, 23 sec left)
Uploading 1 file (2,115 KB/sec, 22 sec left)
Uploading 1 file (2,121 KB/sec, 21 sec left)
Uploading 1 file (2,139 KB/sec, 20 sec left)
Uploading 1 file (2,153 KB/sec, 20 sec left)
Uploading 1 file (2,147 KB/sec, 19 sec left)
Uploading 1 file (2,147 KB/sec, 21 sec left)
Uploading 1 file (2,080 KB/sec, 20 sec left)
Uploading 1 file (2,082 KB/sec, 20 sec left)
Uploading 1 file (2,092 KB/sec, 19 sec left)
Uploading 1 file (2,112 KB/sec, 18 sec left)
Uploading 1 file (2,120 KB/sec, 17 sec left)
Uploading 1 file (2,132 KB/sec, 16 sec left)
Uploading 1 file (2,142 KB/sec, 16 sec left)
Uploading 1 file (2,132 KB/sec, 15 sec left)
Uploading 1 file (2,132 KB/sec, 19 sec left)
Uploading 1 file (2,114 KB/sec, 19 sec left)
Uploading 1 file (2,103 KB/sec, 18 sec left)
Uploading 1 file (2,125 KB/sec, 17 sec left)
Uploading 1 file (2,140 KB/sec, 16 sec left)
Uploading 1 file (2,159 KB/sec, 15 sec left)
Uploading 1 file (2,182 KB/sec, 14 sec left)
Uploading 1 file (2,213 KB/sec, 13 sec left)
Uploading 1 file (2,174 KB/sec, 13 sec left)
Uploading 1 file (2,174 KB/sec, 15 sec left)
Uploading 1 file (2,080 KB/sec, 14 sec left)
Uploading 1 file (2,083 KB/sec, 14 sec left)
Uploading 1 file (2,098 KB/sec, 13 sec left)
Uploading 1 file (2,114 KB/sec, 12 sec left)
Uploading 1 file (2,114 KB/sec, 11 sec left)
Uploading 1 file (2,123 KB/sec, 10 sec left)
Uploading 1 file (2,141 KB/sec, 10 sec left)
Uploading 1 file (2,167 KB/sec, 9 sec left)
Uploading 1 file (2,167 KB/sec, 11 sec left)
Uploading 1 file (2,073 KB/sec, 10 sec left)
Uploading 1 file (2,073 KB/sec, 9 sec left)
Uploading 1 file (2,095 KB/sec, 8 sec left)
Uploading 1 file (2,114 KB/sec, 8 sec left)
Uploading 1 file (2,002 KB/sec, 8 sec left)
Uploading 1 file (1,990 KB/sec, 7 sec left)
Uploading 1 file (1,998 KB/sec, 7 sec left)
Uploading 1 file (1,993 KB/sec, 6 sec left)
Uploading 1 file (1,992 KB/sec, 5 sec left)
Uploading 1 file (1,978 KB/sec, 5 sec left)
Uploading 1 file (1,978 KB/sec, 7 sec left)
Uploading 1 file (1,907 KB/sec, 6 sec left)
Uploading 1 file (1,906 KB/sec, 6 sec left)
Uploading 1 file (1,943 KB/sec, 4 sec left)
Uploading 1 file (1,951 KB/sec, 4 sec left)
Uploading 1 file (1,979 KB/sec, 3 sec left)
Uploading 1 file (1,986 KB/sec, 2 sec left)
Uploading 1 file (2,007 KB/sec, 1 sec left)
Uploading 1 file (1,996 KB/sec, 1 sec left)
Uploading 1 file (1,996 KB/sec, 3 sec left)
Uploading 1 file (1,924 KB/sec, 3 sec left)
Uploading 1 file (1,935 KB/sec, 2 sec left)
Uploading 1 file (1,945 KB/sec, 1 sec left)
Uploading 1 file (1,915 KB/sec, 1 sec left)
Uploading 1 file (1,894 KB/sec, 1 sec left)
Uploading 1 file (1,909 KB/sec, 1 min left)
Uploading 1 file (1,928 KB/sec, 1 min left)
Uploading 1 file (1,936 KB/sec, 1 min left)
Uploading 1 file (1,924 KB/sec, 1 min left)
Uploading 1 file...
Downloading file list...
Idle
Uploading 1 file (1,583 KB/sec, 1 min left)
Uploading 1 file (1,583 KB/sec, 2 min left)
Uploading 1 file (1,569 KB/sec, 2 min left)
Uploading 1 file (1,480 KB/sec, 2 min left)
Uploading 1 file (1,545 KB/sec, 2 min left)
Uploading 1 file (1,571 KB/sec, 2 min left)
Uploading 1 file (1,564 KB/sec, 2 min left)
Uploading 1 file (1,514 KB/sec, 1 min left)
Uploading 1 file (1,442 KB/sec, 1 min left)
Uploading 1 file (1,446 KB/sec, 1 min left)
Uploading 1 file (1,362 KB/sec, 1 min left)
Uploading 1 file (1,453 KB/sec, 1 min left)
Uploading 1 file (1,403 KB/sec, 1 min left)
Uploading 1 file (1,299 KB/sec, 1 min left)
Uploading 1 file (1,286 KB/sec, 1 min left)
Uploading 1 file (1,386 KB/sec, 1 min left)
Uploading 1 file (1,474 KB/sec, 1 min left)
Uploading 1 file (1,552 KB/sec, 1 min left)
Uploading 1 file (1,636 KB/sec, 1 min left)
Uploading 1 file (1,637 KB/sec, 1 min left)
Uploading 1 file (1,812 KB/sec, 1 min left)
Uploading 1 file (1,762 KB/sec, 1 min left)
Uploading 1 file (1,865 KB/sec, 1 min left)
Uploading 1 file (1,205 KB/sec, 1 min left)
Uploading 1 file (1,062 KB/sec, 1 min left)
Uploading 1 file (1,031 KB/sec, 1 min left)
Uploading 1 file (1,083 KB/sec, 1 min left)
Uploading 1 file (1,058 KB/sec, 1 min left)
Idle
Idle
